<?xml version="1.0" encoding="UTF-8"?>
<testng-results skipped="0" failed="0" ignored="0" total="1" passed="1">
  <reporter-output>
  </reporter-output>
  <suite name="Suite" duration-ms="15465" started-at="2017-01-13T09:49:38Z" finished-at="2017-01-13T09:49:54Z">
    <groups>
    </groups>
    <test name="Test" duration-ms="15465" started-at="2017-01-13T09:49:38Z" finished-at="2017-01-13T09:49:54Z">
      <class name="com.selenium.automation.FirstWebDriverProg">
        <test-method status="PASS" signature="testHome()[pri:0, instance:com.selenium.automation.FirstWebDriverProg@cb5822]" name="testHome" duration-ms="15432" started-at="2017-01-13T01:49:38Z" finished-at="2017-01-13T01:49:54Z">
          <reporter-output>
          </reporter-output>
        </test-method> <!-- testHome -->
      </class> <!-- com.selenium.automation.FirstWebDriverProg -->
    </test> <!-- Test -->
  </suite> <!-- Suite -->
</testng-results>
